2024-06-05 00:13:57.311 [scheduling-1] INFO  o.s.d.r.c.RepositoryConfigurationDelegate -Bootstrapping Spring Data Redis repositories in DEFAULT mode.
2024-06-05 00:13:57.320 [scheduling-1] INFO  o.s.d.r.c.RepositoryConfigurationDelegate -Finished Spring Data repository scanning in 5 ms. Found 0 Redis repository interfaces.
2024-06-05 00:13:57.325 [scheduling-1] WARN  o.s.c.a.ClassPathScanningCandidateComponentProvider -No MyBatis mapper was found in '[com.ywy.mapper]' package. Please check your configuration.
2024-06-05 00:21:25.359 [http-nio-8003-exec-3] ERROR c.y.c.aspect.GlobalOperationAspect -Global interceptor exception
com.ywy.core.exception.BusinessException: Login timeout, please login again
2024-06-05 00:21:25.362 [http-nio-8003-exec-3] ERROR c.y.c.e.GlobalExceptionHandler -请求错误，请求地址：http://localhost:8003/api/file/loadDataList，错误信息：
com.ywy.core.exception.BusinessException: Login timeout, please login again
2024-06-05 00:21:42.815 [http-nio-8003-exec-5] ERROR c.y.c.e.GlobalExceptionHandler -请求错误，请求地址：http://localhost:8003/api/login，错误信息：
com.ywy.core.exception.BusinessException: 图片验证码不正确
2024-06-05 00:30:18.281 [HikariCPDatasource housekeeper] WARN  com.zaxxer.hikari.pool.HikariPool -HikariCPDatasource - Thread starvation or clock leap detected (housekeeper delta=1m17s543ms472µs200ns).
2024-06-05 00:39:42.579 [HikariCPDatasource housekeeper] WARN  com.zaxxer.hikari.pool.HikariPool -HikariCPDatasource - Thread starvation or clock leap detected (housekeeper delta=9m24s298ms760µs300ns).
2024-06-05 00:40:32.293 [HikariCPDatasource housekeeper] WARN  com.zaxxer.hikari.pool.HikariPool -HikariCPDatasource - Thread starvation or clock leap detected (housekeeper delta=49s713ms649µs100ns).
2024-06-05 00:49:50.101 [HikariCPDatasource housekeeper] WARN  com.zaxxer.hikari.pool.HikariPool -HikariCPDatasource - Thread starvation or clock leap detected (housekeeper delta=6m36s813ms970µs400ns).
2024-06-05 00:49:50.108 [http-nio-8003-exec-4] ERROR c.y.c.aspect.GlobalOperationAspect -Global interceptor exception
com.ywy.core.exception.BusinessException: Request address does not exist
2024-06-05 00:49:50.109 [http-nio-8003-exec-4] ERROR c.y.c.e.GlobalExceptionHandler -请求错误，请求地址：http://localhost:8003/api/admin/loadFileList，错误信息：
com.ywy.core.exception.BusinessException: Request address does not exist
2024-06-05 00:54:39.190 [http-nio-8003-exec-3] ERROR c.y.c.aspect.GlobalOperationAspect -Global interceptor exception
com.ywy.core.exception.BusinessException: Request address does not exist
2024-06-05 00:54:39.191 [http-nio-8003-exec-3] ERROR c.y.c.e.GlobalExceptionHandler -请求错误，请求地址：http://localhost:8003/api/admin/loadFileList，错误信息：
com.ywy.core.exception.BusinessException: Request address does not exist
2024-06-05 01:02:02.102 [SpringApplicationShutdownHook] INFO  com.zaxxer.hikari.HikariDataSource -HikariCPDatasource - Shutdown initiated...
2024-06-05 01:02:02.105 [SpringApplicationShutdownHook] INFO  com.zaxxer.hikari.HikariDataSource -HikariCPDatasource - Shutdown completed.
