2024-06-10 00:23:38.630 [scheduling-1] INFO  o.s.d.r.c.RepositoryConfigurationDelegate -Bootstrapping Spring Data Redis repositories in DEFAULT mode.
2024-06-10 00:23:38.640 [scheduling-1] INFO  o.s.d.r.c.RepositoryConfigurationDelegate -Finished Spring Data repository scanning in 4 ms. Found 0 Redis repository interfaces.
2024-06-10 00:23:38.645 [scheduling-1] WARN  o.s.c.a.ClassPathScanningCandidateComponentProvider -No MyBatis mapper was found in '[com.ywy.mapper]' package. Please check your configuration.
2024-06-10 01:14:39.106 [scheduling-1] INFO  o.s.d.r.c.RepositoryConfigurationDelegate -Bootstrapping Spring Data Redis repositories in DEFAULT mode.
2024-06-10 01:14:39.113 [scheduling-1] INFO  o.s.d.r.c.RepositoryConfigurationDelegate -Finished Spring Data repository scanning in 5 ms. Found 0 Redis repository interfaces.
2024-06-10 01:14:39.115 [scheduling-1] WARN  o.s.c.a.ClassPathScanningCandidateComponentProvider -No MyBatis mapper was found in '[com.ywy.mapper]' package. Please check your configuration.
2024-06-10 01:26:39.255 [scheduling-1] INFO  o.s.d.r.c.RepositoryConfigurationDelegate -Bootstrapping Spring Data Redis repositories in DEFAULT mode.
2024-06-10 01:26:39.259 [scheduling-1] INFO  o.s.d.r.c.RepositoryConfigurationDelegate -Finished Spring Data repository scanning in 3 ms. Found 0 Redis repository interfaces.
2024-06-10 01:26:39.262 [scheduling-1] WARN  o.s.c.a.ClassPathScanningCandidateComponentProvider -No MyBatis mapper was found in '[com.ywy.mapper]' package. Please check your configuration.
2024-06-10 01:29:39.356 [scheduling-1] INFO  o.s.d.r.c.RepositoryConfigurationDelegate -Bootstrapping Spring Data Redis repositories in DEFAULT mode.
2024-06-10 01:29:39.359 [scheduling-1] INFO  o.s.d.r.c.RepositoryConfigurationDelegate -Finished Spring Data repository scanning in 2 ms. Found 0 Redis repository interfaces.
2024-06-10 01:29:39.362 [scheduling-1] WARN  o.s.c.a.ClassPathScanningCandidateComponentProvider -No MyBatis mapper was found in '[com.ywy.mapper]' package. Please check your configuration.
2024-06-10 01:41:39.481 [scheduling-1] INFO  o.s.d.r.c.RepositoryConfigurationDelegate -Bootstrapping Spring Data Redis repositories in DEFAULT mode.
2024-06-10 01:41:39.484 [scheduling-1] INFO  o.s.d.r.c.RepositoryConfigurationDelegate -Finished Spring Data repository scanning in 2 ms. Found 0 Redis repository interfaces.
2024-06-10 01:41:39.486 [scheduling-1] WARN  o.s.c.a.ClassPathScanningCandidateComponentProvider -No MyBatis mapper was found in '[com.ywy.mapper]' package. Please check your configuration.
2024-06-10 01:45:34.131 [SpringApplicationShutdownHook] INFO  com.zaxxer.hikari.HikariDataSource -HikariCPDatasource - Shutdown initiated...
2024-06-10 01:45:34.134 [SpringApplicationShutdownHook] INFO  com.zaxxer.hikari.HikariDataSource -HikariCPDatasource - Shutdown completed.
2024-06-10 01:55:35.614 [main] INFO  com.ywy.MainApplication -Starting MainApplication using Java 17.0.8 on DESKTOP-326BLPA with PID 34608 (C:\Users\user\Desktop\boot-netdisk-master\boot-netdisk-backend\target\classes started by user in C:\Users\user\Desktop\boot-netdisk-master)
2024-06-10 01:55:35.617 [main] INFO  com.ywy.MainApplication -The following profiles are active: dev
2024-06-10 01:55:36.732 [main] INFO  o.s.d.r.c.RepositoryConfigurationDelegate -Multiple Spring Data modules found, entering strict repository configuration mode!
2024-06-10 01:55:36.734 [main] INFO  o.s.d.r.c.RepositoryConfigurationDelegate -Bootstrapping Spring Data Redis repositories in DEFAULT mode.
2024-06-10 01:55:36.763 [main] INFO  o.s.d.r.c.RepositoryConfigurationDelegate -Finished Spring Data repository scanning in 15 ms. Found 0 Redis repository interfaces.
2024-06-10 01:55:37.418 [main] INFO  o.s.b.w.e.tomcat.TomcatWebServer -Tomcat initialized with port(s): 8003 (http)
2024-06-10 01:55:37.666 [main] INFO  o.s.b.w.s.c.ServletWebServerApplicationContext -Root WebApplicationContext: initialization completed in 1999 ms
2024-06-10 01:55:46.084 [main] INFO  com.ywy.MainApplication -Starting MainApplication using Java 17.0.8 on DESKTOP-326BLPA with PID 3336 (C:\Users\user\Desktop\boot-netdisk-master\boot-netdisk-backend\target\classes started by user in C:\Users\user\Desktop\boot-netdisk-master)
2024-06-10 01:55:46.086 [main] INFO  com.ywy.MainApplication -The following profiles are active: dev
2024-06-10 01:55:46.910 [main] INFO  o.s.d.r.c.RepositoryConfigurationDelegate -Multiple Spring Data modules found, entering strict repository configuration mode!
2024-06-10 01:55:46.913 [main] INFO  o.s.d.r.c.RepositoryConfigurationDelegate -Bootstrapping Spring Data Redis repositories in DEFAULT mode.
2024-06-10 01:55:46.950 [main] INFO  o.s.d.r.c.RepositoryConfigurationDelegate -Finished Spring Data repository scanning in 19 ms. Found 0 Redis repository interfaces.
2024-06-10 01:55:48.116 [main] INFO  o.s.b.w.e.tomcat.TomcatWebServer -Tomcat initialized with port(s): 8003 (http)
2024-06-10 01:55:48.143 [main] INFO  o.a.coyote.http11.Http11NioProtocol -Initializing ProtocolHandler ["http-nio-8003"]
2024-06-10 01:55:48.144 [main] INFO  o.a.catalina.core.StandardService -Starting service [Tomcat]
2024-06-10 01:55:48.146 [main] INFO  o.a.catalina.core.StandardEngine -Starting Servlet engine: [Apache Tomcat/9.0.55]
2024-06-10 01:55:48.319 [main] INFO  o.a.c.c.C.[.[localhost].[/api] -Initializing Spring embedded WebApplicationContext
2024-06-10 01:55:48.319 [main] INFO  o.s.b.w.s.c.ServletWebServerApplicationContext -Root WebApplicationContext: initialization completed in 2162 ms
2024-06-10 01:55:50.541 [main] INFO  o.a.coyote.http11.Http11NioProtocol -Starting ProtocolHandler ["http-nio-8003"]
2024-06-10 01:55:50.570 [main] INFO  o.s.b.w.e.tomcat.TomcatWebServer -Tomcat started on port(s): 8003 (http) with context path '/api'
2024-06-10 01:55:50.592 [main] INFO  com.ywy.MainApplication -Started MainApplication in 5.239 seconds (JVM running for 8.694)
2024-06-10 01:55:50.682 [scheduling-1] INFO  com.zaxxer.hikari.HikariDataSource -HikariCPDatasource - Starting...
2024-06-10 01:55:50.869 [scheduling-1] INFO  com.zaxxer.hikari.HikariDataSource -HikariCPDatasource - Start completed.
2024-06-10 01:56:26.719 [http-nio-8003-exec-3] INFO  o.a.c.c.C.[.[localhost].[/api] -Initializing Spring DispatcherServlet 'dispatcherServlet'
2024-06-10 01:56:26.719 [http-nio-8003-exec-3] INFO  o.s.web.servlet.DispatcherServlet -Initializing Servlet 'dispatcherServlet'
2024-06-10 01:56:26.721 [http-nio-8003-exec-3] INFO  o.s.web.servlet.DispatcherServlet -Completed initialization in 2 ms
2024-06-10 01:56:26.801 [http-nio-8003-exec-2] ERROR c.y.c.aspect.GlobalOperationAspect -Global interceptor exception
com.ywy.core.exception.BusinessException: Login timeout, please login again
2024-06-10 01:56:26.804 [http-nio-8003-exec-2] ERROR c.y.c.e.GlobalExceptionHandler -请求错误，请求地址：http://localhost:8003/api/getUserSpace，错误信息：
com.ywy.core.exception.BusinessException: Login timeout, please login again
2024-06-10 01:56:26.808 [http-nio-8003-exec-3] ERROR c.y.c.aspect.GlobalOperationAspect -Global interceptor exception
com.ywy.core.exception.BusinessException: Login timeout, please login again
2024-06-10 01:56:26.809 [http-nio-8003-exec-3] ERROR c.y.c.e.GlobalExceptionHandler -请求错误，请求地址：http://localhost:8003/api/file/loadDataList，错误信息：
com.ywy.core.exception.BusinessException: Login timeout, please login again
2024-06-10 01:58:36.537 [HikariCPDatasource housekeeper] WARN  com.zaxxer.hikari.pool.HikariPool -HikariCPDatasource - Thread starvation or clock leap detected (housekeeper delta=45s537ms811µs600ns).
2024-06-10 02:00:58.571 [HikariCPDatasource housekeeper] WARN  com.zaxxer.hikari.pool.HikariPool -HikariCPDatasource - Thread starvation or clock leap detected (housekeeper delta=52s6ms962µs600ns).
2024-06-10 02:03:24.423 [HikariCPDatasource housekeeper] WARN  com.zaxxer.hikari.pool.HikariPool -HikariCPDatasource - Thread starvation or clock leap detected (housekeeper delta=1m23s435ms295µs900ns).
2024-06-10 02:05:16.990 [SpringApplicationShutdownHook] INFO  com.zaxxer.hikari.HikariDataSource -HikariCPDatasource - Shutdown initiated...
2024-06-10 02:05:17.003 [SpringApplicationShutdownHook] INFO  com.zaxxer.hikari.HikariDataSource -HikariCPDatasource - Shutdown completed.
2024-06-10 09:46:24.173 [main] INFO  com.ywy.MainApplication -Starting MainApplication using Java 17.0.8 on DESKTOP-326BLPA with PID 9756 (C:\Users\user\Desktop\boot-netdisk-master\boot-netdisk-backend\target\classes started by user in C:\Users\user\Desktop\boot-netdisk-master)
2024-06-10 09:46:24.176 [main] INFO  com.ywy.MainApplication -The following profiles are active: dev
2024-06-10 09:46:25.180 [main] INFO  o.s.d.r.c.RepositoryConfigurationDelegate -Multiple Spring Data modules found, entering strict repository configuration mode!
2024-06-10 09:46:25.185 [main] INFO  o.s.d.r.c.RepositoryConfigurationDelegate -Bootstrapping Spring Data Redis repositories in DEFAULT mode.
2024-06-10 09:46:25.230 [main] INFO  o.s.d.r.c.RepositoryConfigurationDelegate -Finished Spring Data repository scanning in 20 ms. Found 0 Redis repository interfaces.
2024-06-10 09:46:26.507 [main] INFO  o.s.b.w.e.tomcat.TomcatWebServer -Tomcat initialized with port(s): 8003 (http)
2024-06-10 09:46:26.524 [main] INFO  o.a.coyote.http11.Http11NioProtocol -Initializing ProtocolHandler ["http-nio-8003"]
2024-06-10 09:46:26.524 [main] INFO  o.a.catalina.core.StandardService -Starting service [Tomcat]
2024-06-10 09:46:26.525 [main] INFO  o.a.catalina.core.StandardEngine -Starting Servlet engine: [Apache Tomcat/9.0.55]
2024-06-10 09:46:26.648 [main] INFO  o.a.c.c.C.[.[localhost].[/api] -Initializing Spring embedded WebApplicationContext
2024-06-10 09:46:26.648 [main] INFO  o.s.b.w.s.c.ServletWebServerApplicationContext -Root WebApplicationContext: initialization completed in 2383 ms
2024-06-10 09:46:30.988 [main] INFO  o.a.coyote.http11.Http11NioProtocol -Starting ProtocolHandler ["http-nio-8003"]
2024-06-10 09:46:31.057 [main] INFO  o.s.b.w.e.tomcat.TomcatWebServer -Tomcat started on port(s): 8003 (http) with context path '/api'
2024-06-10 09:46:31.109 [main] INFO  com.ywy.MainApplication -Started MainApplication in 7.714 seconds (JVM running for 10.035)
2024-06-10 09:46:31.308 [scheduling-1] INFO  com.zaxxer.hikari.HikariDataSource -HikariCPDatasource - Starting...
2024-06-10 09:46:31.782 [scheduling-1] INFO  com.zaxxer.hikari.HikariDataSource -HikariCPDatasource - Start completed.
2024-06-10 09:48:07.579 [http-nio-8003-exec-3] INFO  o.a.c.c.C.[.[localhost].[/api] -Initializing Spring DispatcherServlet 'dispatcherServlet'
2024-06-10 09:48:07.579 [http-nio-8003-exec-3] INFO  o.s.web.servlet.DispatcherServlet -Initializing Servlet 'dispatcherServlet'
2024-06-10 09:48:07.581 [http-nio-8003-exec-3] INFO  o.s.web.servlet.DispatcherServlet -Completed initialization in 2 ms
2024-06-10 09:48:07.757 [http-nio-8003-exec-1] ERROR c.y.c.aspect.GlobalOperationAspect -Global interceptor exception
com.ywy.core.exception.BusinessException: Login timeout, please login again
2024-06-10 09:48:07.760 [http-nio-8003-exec-1] ERROR c.y.c.e.GlobalExceptionHandler -请求错误，请求地址：http://localhost:8003/api/getUserSpace，错误信息：
com.ywy.core.exception.BusinessException: Login timeout, please login again
2024-06-10 09:48:07.779 [http-nio-8003-exec-3] ERROR c.y.c.aspect.GlobalOperationAspect -Global interceptor exception
com.ywy.core.exception.BusinessException: Login timeout, please login again
2024-06-10 09:48:07.780 [http-nio-8003-exec-3] ERROR c.y.c.e.GlobalExceptionHandler -请求错误，请求地址：http://localhost:8003/api/share/loadDataList，错误信息：
com.ywy.core.exception.BusinessException: Login timeout, please login again
2024-06-10 09:50:04.812 [http-nio-8003-exec-9] ERROR c.y.c.aspect.GlobalOperationAspect -Global interceptor exception
com.ywy.core.exception.BusinessException: Request parameter error，shareIdCan't be empty
2024-06-10 09:50:04.813 [http-nio-8003-exec-9] ERROR c.y.c.e.GlobalExceptionHandler -请求错误，请求地址：http://localhost:8003/api/webShare/getShareInfo，错误信息：
com.ywy.core.exception.BusinessException: Request parameter error，shareIdCan't be empty
2024-06-10 09:56:50.114 [HikariCPDatasource housekeeper] WARN  com.zaxxer.hikari.pool.HikariPool -HikariCPDatasource - Thread starvation or clock leap detected (housekeeper delta=1m18s58ms40µs).
2024-06-10 09:58:32.174 [scheduling-1] WARN  o.s.c.a.ClassPathScanningCandidateComponentProvider -No MyBatis mapper was found in '[com.ywy.mapper]' package. Please check your configuration.
2024-06-10 09:58:32.174 [scheduling-1] INFO  o.s.d.r.c.RepositoryConfigurationDelegate -Bootstrapping Spring Data Redis repositories in DEFAULT mode.
2024-06-10 09:58:32.181 [scheduling-1] INFO  o.s.d.r.c.RepositoryConfigurationDelegate -Finished Spring Data repository scanning in 6 ms. Found 0 Redis repository interfaces.
2024-06-10 10:01:32.452 [scheduling-1] WARN  o.s.c.a.ClassPathScanningCandidateComponentProvider -No MyBatis mapper was found in '[com.ywy.mapper]' package. Please check your configuration.
2024-06-10 10:01:32.453 [scheduling-1] INFO  o.s.d.r.c.RepositoryConfigurationDelegate -Bootstrapping Spring Data Redis repositories in DEFAULT mode.
2024-06-10 10:01:32.462 [scheduling-1] INFO  o.s.d.r.c.RepositoryConfigurationDelegate -Finished Spring Data repository scanning in 9 ms. Found 0 Redis repository interfaces.
2024-06-10 12:10:41.433 [http-nio-8003-exec-7] ERROR c.y.c.e.GlobalExceptionHandler -请求错误，请求地址：http://localhost:8003/api/login，错误信息：
com.ywy.core.exception.BusinessException: 图片验证码不正确
2024-06-10 12:11:11.224 [http-nio-8003-exec-9] ERROR c.y.c.e.GlobalExceptionHandler -请求错误，请求地址：http://localhost:8003/api/login，错误信息：
com.ywy.core.exception.BusinessException: 图片验证码不正确
2024-06-10 12:16:33.193 [scheduling-1] WARN  o.s.c.a.ClassPathScanningCandidateComponentProvider -No MyBatis mapper was found in '[com.ywy.mapper]' package. Please check your configuration.
2024-06-10 12:16:33.194 [scheduling-1] INFO  o.s.d.r.c.RepositoryConfigurationDelegate -Bootstrapping Spring Data Redis repositories in DEFAULT mode.
2024-06-10 12:16:33.197 [scheduling-1] INFO  o.s.d.r.c.RepositoryConfigurationDelegate -Finished Spring Data repository scanning in 3 ms. Found 0 Redis repository interfaces.
2024-06-10 12:50:00.913 [http-nio-8003-exec-5] ERROR c.y.c.e.GlobalExceptionHandler -请求错误，请求地址：http://localhost:8003/api/login，错误信息：
com.ywy.core.exception.BusinessException: Image verification code is incorrect
2024-06-10 12:50:05.236 [http-nio-8003-exec-8] ERROR c.y.c.e.GlobalExceptionHandler -请求错误，请求地址：http://localhost:8003/api/login，错误信息：
com.ywy.core.exception.BusinessException: Image verification code is incorrect
2024-06-10 14:37:01.485 [task-1] INFO  com.ywy.util.FFMpegUtil -执行命令：ffmpeg -i C:\Users\user\Desktop\boot-netdisk-master\boot-netdisk-backend\file\202406\15421640943szPCMzs6A.png -vf scale=150:-1 C:\Users\user\Desktop\boot-netdisk-master\boot-netdisk-backend\file\202406\15421640943szPCMzs6A_.png -y完毕
2024-06-10 14:55:33.939 [scheduling-1] WARN  o.s.c.a.ClassPathScanningCandidateComponentProvider -No MyBatis mapper was found in '[com.ywy.mapper]' package. Please check your configuration.
2024-06-10 14:55:33.939 [scheduling-1] INFO  o.s.d.r.c.RepositoryConfigurationDelegate -Bootstrapping Spring Data Redis repositories in DEFAULT mode.
2024-06-10 14:55:33.942 [scheduling-1] INFO  o.s.d.r.c.RepositoryConfigurationDelegate -Finished Spring Data repository scanning in 2 ms. Found 0 Redis repository interfaces.
2024-06-10 14:58:17.347 [http-nio-8003-exec-7] ERROR c.y.c.e.GlobalExceptionHandler -请求错误，请求地址：http://localhost:8003/api/getUserSpace，错误信息：
org.springframework.dao.QueryTimeoutException: Redis command timed out; nested exception is io.lettuce.core.RedisCommandTimeoutException: Command timed out after 2 second(s)
	at org.springframework.data.redis.connection.lettuce.LettuceExceptionConverter.convert(LettuceExceptionConverter.java:70)
	at org.springframework.data.redis.connection.lettuce.LettuceExceptionConverter.convert(LettuceExceptionConverter.java:41)
	at org.springframework.data.redis.PassThroughExceptionTranslationStrategy.translate(PassThroughExceptionTranslationStrategy.java:44)
	at org.springframework.data.redis.FallbackExceptionTranslationStrategy.translate(FallbackExceptionTranslationStrategy.java:42)
	at org.springframework.data.redis.connection.lettuce.LettuceConnection.convertLettuceAccessException(LettuceConnection.java:272)
	at org.springframework.data.redis.connection.lettuce.LettuceConnection.await(LettuceConnection.java:1063)
	at org.springframework.data.redis.connection.lettuce.LettuceConnection.lambda$doInvoke$4(LettuceConnection.java:920)
	at org.springframework.data.redis.connection.lettuce.LettuceInvoker$Synchronizer.invoke(LettuceInvoker.java:665)
	at org.springframework.data.redis.connection.lettuce.LettuceInvoker.just(LettuceInvoker.java:94)
	at org.springframework.data.redis.connection.lettuce.LettuceStringCommands.get(LettuceStringCommands.java:55)
	at org.springframework.data.redis.connection.DefaultedRedisConnection.get(DefaultedRedisConnection.java:278)
	at org.springframework.data.redis.core.DefaultValueOperations$1.inRedis(DefaultValueOperations.java:58)
	at org.springframework.data.redis.core.AbstractOperations$ValueDeserializingRedisCallback.doInRedis(AbstractOperations.java:61)
	at org.springframework.data.redis.core.RedisTemplate.execute(RedisTemplate.java:223)
	at org.springframework.data.redis.core.RedisTemplate.execute(RedisTemplate.java:190)
	at org.springframework.data.redis.core.AbstractOperations.execute(AbstractOperations.java:97)
	at org.springframework.data.redis.core.DefaultValueOperations.get(DefaultValueOperations.java:54)
	at com.ywy.util.RedisUtil.get(RedisUtil.java:24)
	at com.ywy.cache.SystemCache.getUserSpace(SystemCache.java:72)
	at com.ywy.controller.AccountController.getUserSpace(AccountController.java:272)
	at com.ywy.controller.AccountController$$FastClassBySpringCGLIB$$1.invoke(<generated>)
	at org.springframework.cglib.proxy.MethodProxy.invoke(MethodProxy.java:218)
	at org.springframework.aop.framework.CglibAopProxy$CglibMethodInvocation.invokeJoinpoint(CglibAopProxy.java:783)
	at org.springframework.aop.framework.ReflectiveMethodInvocation.proceed(ReflectiveMethodInvocation.java:163)
	at org.springframework.aop.framework.CglibAopProxy$CglibMethodInvocation.proceed(CglibAopProxy.java:753)
	at org.springframework.aop.framework.adapter.MethodBeforeAdviceInterceptor.invoke(MethodBeforeAdviceInterceptor.java:58)
	at org.springframework.aop.framework.ReflectiveMethodInvocation.proceed(ReflectiveMethodInvocation.java:175)
	at org.springframework.aop.framework.CglibAopProxy$CglibMethodInvocation.proceed(CglibAopProxy.java:753)
	at org.springframework.aop.interceptor.ExposeInvocationInterceptor.invoke(ExposeInvocationInterceptor.java:97)
	at org.springframework.aop.framework.ReflectiveMethodInvocation.proceed(ReflectiveMethodInvocation.java:186)
	at org.springframework.aop.framework.CglibAopProxy$CglibMethodInvocation.proceed(CglibAopProxy.java:753)
	at org.springframework.aop.framework.CglibAopProxy$DynamicAdvisedInterceptor.intercept(CglibAopProxy.java:698)
	at com.ywy.controller.AccountController$$EnhancerBySpringCGLIB$$1.getUserSpace(<generated>)
	at jdk.internal.reflect.GeneratedMethodAccessor297.invoke(Unknown Source)
	at java.base/jdk.internal.reflect.DelegatingMethodAccessorImpl.invoke(DelegatingMethodAccessorImpl.java:43)
	at java.base/java.lang.reflect.Method.invoke(Method.java:568)
	at org.springframework.web.method.support.InvocableHandlerMethod.doInvoke(InvocableHandlerMethod.java:205)
	at org.springframework.web.method.support.InvocableHandlerMethod.invokeForRequest(InvocableHandlerMethod.java:150)
	at org.springframework.web.servlet.mvc.method.annotation.ServletInvocableHandlerMethod.invokeAndHandle(ServletInvocableHandlerMethod.java:117)
	at org.springframework.web.servlet.mvc.method.annotation.RequestMappingHandlerAdapter.invokeHandlerMethod(RequestMappingHandlerAdapter.java:895)
	at org.springframework.web.servlet.mvc.method.annotation.RequestMappingHandlerAdapter.handleInternal(RequestMappingHandlerAdapter.java:808)
	at org.springframework.web.servlet.mvc.method.AbstractHandlerMethodAdapter.handle(AbstractHandlerMethodAdapter.java:87)
	at org.springframework.web.servlet.DispatcherServlet.doDispatch(DispatcherServlet.java:1067)
	at org.springframework.web.servlet.DispatcherServlet.doService(DispatcherServlet.java:963)
	at org.springframework.web.servlet.FrameworkServlet.processRequest(FrameworkServlet.java:1006)
	at org.springframework.web.servlet.FrameworkServlet.doPost(FrameworkServlet.java:909)
	at javax.servlet.http.HttpServlet.service(HttpServlet.java:681)
	at org.springframework.web.servlet.FrameworkServlet.service(FrameworkServlet.java:883)
	at javax.servlet.http.HttpServlet.service(HttpServlet.java:764)
	at org.apache.catalina.core.ApplicationFilterChain.internalDoFilter(ApplicationFilterChain.java:227)
	at org.apache.catalina.core.ApplicationFilterChain.doFilter(ApplicationFilterChain.java:162)
	at org.apache.tomcat.websocket.server.WsFilter.doFilter(WsFilter.java:53)
	at org.apache.catalina.core.ApplicationFilterChain.internalDoFilter(ApplicationFilterChain.java:189)
	at org.apache.catalina.core.ApplicationFilterChain.doFilter(ApplicationFilterChain.java:162)
	at org.springframework.web.filter.RequestContextFilter.doFilterInternal(RequestContextFilter.java:100)
	at org.springframework.web.filter.OncePerRequestFilter.doFilter(OncePerRequestFilter.java:119)
	at org.apache.catalina.core.ApplicationFilterChain.internalDoFilter(ApplicationFilterChain.java:189)
	at org.apache.catalina.core.ApplicationFilterChain.doFilter(ApplicationFilterChain.java:162)
	at org.springframework.web.filter.FormContentFilter.doFilterInternal(FormContentFilter.java:93)
	at org.springframework.web.filter.OncePerRequestFilter.doFilter(OncePerRequestFilter.java:119)
	at org.apache.catalina.core.ApplicationFilterChain.internalDoFilter(ApplicationFilterChain.java:189)
	at org.apache.catalina.core.ApplicationFilterChain.doFilter(ApplicationFilterChain.java:162)
	at org.springframework.web.filter.CharacterEncodingFilter.doFilterInternal(CharacterEncodingFilter.java:201)
	at org.springframework.web.filter.OncePerRequestFilter.doFilter(OncePerRequestFilter.java:119)
	at org.apache.catalina.core.ApplicationFilterChain.internalDoFilter(ApplicationFilterChain.java:189)
	at org.apache.catalina.core.ApplicationFilterChain.doFilter(ApplicationFilterChain.java:162)
	at org.apache.catalina.core.StandardWrapperValve.invoke(StandardWrapperValve.java:197)
	at org.apache.catalina.core.StandardContextValve.__invoke(StandardContextValve.java:97)
	at org.apache.catalina.core.StandardContextValve.invoke(StandardContextValve.java:41002)
	at org.apache.catalina.authenticator.AuthenticatorBase.invoke(AuthenticatorBase.java:540)
	at org.apache.catalina.core.StandardHostValve.invoke(StandardHostValve.java:135)
	at org.apache.catalina.valves.ErrorReportValve.invoke(ErrorReportValve.java:92)
	at org.apache.catalina.core.StandardEngineValve.invoke(StandardEngineValve.java:78)
	at org.apache.catalina.connector.CoyoteAdapter.service(CoyoteAdapter.java:357)
	at org.apache.coyote.http11.Http11Processor.service(Http11Processor.java:382)
	at org.apache.coyote.AbstractProcessorLight.process(AbstractProcessorLight.java:65)
	at org.apache.coyote.AbstractProtocol$ConnectionHandler.process(AbstractProtocol.java:895)
	at org.apache.tomcat.util.net.NioEndpoint$SocketProcessor.doRun(NioEndpoint.java:1722)
	at org.apache.tomcat.util.net.SocketProcessorBase.run(SocketProcessorBase.java:49)
	at org.apache.tomcat.util.threads.ThreadPoolExecutor.runWorker(ThreadPoolExecutor.java:1191)
	at org.apache.tomcat.util.threads.ThreadPoolExecutor$Worker.run(ThreadPoolExecutor.java:659)
	at org.apache.tomcat.util.threads.TaskThread$WrappingRunnable.run(TaskThread.java:61)
	at java.base/java.lang.Thread.run(Thread.java:833)
Caused by: io.lettuce.core.RedisCommandTimeoutException: Command timed out after 2 second(s)
	at io.lettuce.core.internal.ExceptionFactory.createTimeoutException(ExceptionFactory.java:53)
	at io.lettuce.core.internal.Futures.awaitOrCancel(Futures.java:246)
	at io.lettuce.core.LettuceFutures.awaitOrCancel(LettuceFutures.java:74)
	at org.springframework.data.redis.connection.lettuce.LettuceConnection.await(LettuceConnection.java:1061)
	... 77 common frames omitted
2024-06-10 15:40:26.164 [SpringApplicationShutdownHook] INFO  com.zaxxer.hikari.HikariDataSource -HikariCPDatasource - Shutdown initiated...
2024-06-10 15:40:26.169 [SpringApplicationShutdownHook] INFO  com.zaxxer.hikari.HikariDataSource -HikariCPDatasource - Shutdown completed.
2024-06-10 22:18:12.388 [main] INFO  com.ywy.MainApplication -Starting MainApplication using Java 17.0.8 on DESKTOP-326BLPA with PID 2556 (C:\Users\user\Desktop\boot-netdisk-master\boot-netdisk-backend\target\classes started by user in C:\Users\user\Desktop\boot-netdisk-master)
2024-06-10 22:18:12.390 [main] INFO  com.ywy.MainApplication -The following profiles are active: dev
2024-06-10 22:18:12.880 [main] INFO  o.s.d.r.c.RepositoryConfigurationDelegate -Multiple Spring Data modules found, entering strict repository configuration mode!
2024-06-10 22:18:12.883 [main] INFO  o.s.d.r.c.RepositoryConfigurationDelegate -Bootstrapping Spring Data Redis repositories in DEFAULT mode.
2024-06-10 22:18:12.907 [main] INFO  o.s.d.r.c.RepositoryConfigurationDelegate -Finished Spring Data repository scanning in 14 ms. Found 0 Redis repository interfaces.
2024-06-10 22:18:13.481 [main] INFO  o.s.b.w.e.tomcat.TomcatWebServer -Tomcat initialized with port(s): 8003 (http)
2024-06-10 22:18:13.487 [main] INFO  o.a.coyote.http11.Http11NioProtocol -Initializing ProtocolHandler ["http-nio-8003"]
2024-06-10 22:18:13.488 [main] INFO  o.a.catalina.core.StandardService -Starting service [Tomcat]
2024-06-10 22:18:13.488 [main] INFO  o.a.catalina.core.StandardEngine -Starting Servlet engine: [Apache Tomcat/9.0.55]
2024-06-10 22:18:13.595 [main] INFO  o.a.c.c.C.[.[localhost].[/api] -Initializing Spring embedded WebApplicationContext
2024-06-10 22:18:13.595 [main] INFO  o.s.b.w.s.c.ServletWebServerApplicationContext -Root WebApplicationContext: initialization completed in 1167 ms
2024-06-10 22:18:14.639 [main] INFO  o.a.coyote.http11.Http11NioProtocol -Starting ProtocolHandler ["http-nio-8003"]
2024-06-10 22:18:14.670 [main] INFO  o.s.b.w.e.tomcat.TomcatWebServer -Tomcat started on port(s): 8003 (http) with context path '/api'
2024-06-10 22:18:14.687 [main] INFO  com.ywy.MainApplication -Started MainApplication in 2.694 seconds (JVM running for 3.194)
2024-06-10 22:18:14.738 [scheduling-1] INFO  com.zaxxer.hikari.HikariDataSource -HikariCPDatasource - Starting...
2024-06-10 22:18:14.870 [scheduling-1] INFO  com.zaxxer.hikari.HikariDataSource -HikariCPDatasource - Start completed.
2024-06-10 22:18:19.327 [SpringApplicationShutdownHook] INFO  com.zaxxer.hikari.HikariDataSource -HikariCPDatasource - Shutdown initiated...
2024-06-10 22:18:19.332 [SpringApplicationShutdownHook] INFO  com.zaxxer.hikari.HikariDataSource -HikariCPDatasource - Shutdown completed.
2024-06-10 22:19:58.686 [main] INFO  com.ywy.MainApplication -Starting MainApplication using Java 1.8.0_301 on DESKTOP-326BLPA with PID 30736 (C:\Users\user\Desktop\boot-netdisk-master\boot-netdisk-backend\target\classes started by user in C:\Users\user\Desktop\boot-netdisk-master)
2024-06-10 22:19:58.689 [main] INFO  com.ywy.MainApplication -The following profiles are active: dev
2024-06-10 22:19:59.210 [main] INFO  o.s.d.r.c.RepositoryConfigurationDelegate -Multiple Spring Data modules found, entering strict repository configuration mode!
2024-06-10 22:19:59.211 [main] INFO  o.s.d.r.c.RepositoryConfigurationDelegate -Bootstrapping Spring Data Redis repositories in DEFAULT mode.
2024-06-10 22:19:59.237 [main] INFO  o.s.d.r.c.RepositoryConfigurationDelegate -Finished Spring Data repository scanning in 15 ms. Found 0 Redis repository interfaces.
2024-06-10 22:19:59.695 [main] INFO  o.s.b.w.e.tomcat.TomcatWebServer -Tomcat initialized with port(s): 8003 (http)
2024-06-10 22:19:59.700 [main] INFO  o.a.coyote.http11.Http11NioProtocol -Initializing ProtocolHandler ["http-nio-8003"]
2024-06-10 22:19:59.700 [main] INFO  o.a.catalina.core.StandardService -Starting service [Tomcat]
2024-06-10 22:19:59.701 [main] INFO  o.a.catalina.core.StandardEngine -Starting Servlet engine: [Apache Tomcat/9.0.55]
2024-06-10 22:19:59.812 [main] INFO  o.a.c.c.C.[.[localhost].[/api] -Initializing Spring embedded WebApplicationContext
2024-06-10 22:19:59.812 [main] INFO  o.s.b.w.s.c.ServletWebServerApplicationContext -Root WebApplicationContext: initialization completed in 1086 ms
2024-06-10 22:20:00.800 [main] INFO  o.a.coyote.http11.Http11NioProtocol -Starting ProtocolHandler ["http-nio-8003"]
2024-06-10 22:20:00.812 [main] INFO  o.s.b.w.e.tomcat.TomcatWebServer -Tomcat started on port(s): 8003 (http) with context path '/api'
2024-06-10 22:20:00.835 [main] INFO  com.ywy.MainApplication -Started MainApplication in 2.538 seconds (JVM running for 3.185)
2024-06-10 22:20:00.872 [scheduling-1] INFO  com.zaxxer.hikari.HikariDataSource -HikariCPDatasource - Starting...
2024-06-10 22:20:01.027 [scheduling-1] INFO  com.zaxxer.hikari.HikariDataSource -HikariCPDatasource - Start completed.
2024-06-10 22:20:42.709 [http-nio-8003-exec-3] INFO  o.a.c.c.C.[.[localhost].[/api] -Initializing Spring DispatcherServlet 'dispatcherServlet'
2024-06-10 22:20:42.709 [http-nio-8003-exec-3] INFO  o.s.web.servlet.DispatcherServlet -Initializing Servlet 'dispatcherServlet'
2024-06-10 22:20:42.710 [http-nio-8003-exec-3] INFO  o.s.web.servlet.DispatcherServlet -Completed initialization in 1 ms
2024-06-10 22:20:42.747 [http-nio-8003-exec-1] ERROR c.y.c.aspect.GlobalOperationAspect -Global interceptor exception
com.ywy.core.exception.BusinessException: Login timeout, please login again
2024-06-10 22:20:42.749 [http-nio-8003-exec-1] ERROR c.y.c.e.GlobalExceptionHandler -请求错误，请求地址：http://localhost:8003/api/getUserSpace，错误信息：
com.ywy.core.exception.BusinessException: Login timeout, please login again
2024-06-10 22:20:42.753 [http-nio-8003-exec-3] ERROR c.y.c.aspect.GlobalOperationAspect -Global interceptor exception
com.ywy.core.exception.BusinessException: Login timeout, please login again
2024-06-10 22:20:42.753 [http-nio-8003-exec-3] ERROR c.y.c.e.GlobalExceptionHandler -请求错误，请求地址：http://localhost:8003/api/file/loadDataList，错误信息：
com.ywy.core.exception.BusinessException: Login timeout, please login again
2024-06-10 22:21:23.769 [SpringApplicationShutdownHook] INFO  com.zaxxer.hikari.HikariDataSource -HikariCPDatasource - Shutdown initiated...
2024-06-10 22:21:23.772 [SpringApplicationShutdownHook] INFO  com.zaxxer.hikari.HikariDataSource -HikariCPDatasource - Shutdown completed.
2024-06-10 22:39:07.874 [main] INFO  com.ywy.MainApplication -Starting MainApplication using Java 1.8.0_301 on DESKTOP-326BLPA with PID 26704 (C:\Users\user\Desktop\boot-netdisk-master\boot-netdisk-backend\target\classes started by user in C:\Users\user\Desktop\boot-netdisk-master)
2024-06-10 22:39:07.877 [main] INFO  com.ywy.MainApplication -The following profiles are active: dev
2024-06-10 22:39:08.414 [main] INFO  o.s.d.r.c.RepositoryConfigurationDelegate -Multiple Spring Data modules found, entering strict repository configuration mode!
2024-06-10 22:39:08.415 [main] INFO  o.s.d.r.c.RepositoryConfigurationDelegate -Bootstrapping Spring Data Redis repositories in DEFAULT mode.
2024-06-10 22:39:08.442 [main] INFO  o.s.d.r.c.RepositoryConfigurationDelegate -Finished Spring Data repository scanning in 16 ms. Found 0 Redis repository interfaces.
2024-06-10 22:39:08.969 [main] INFO  o.s.b.w.e.tomcat.TomcatWebServer -Tomcat initialized with port(s): 8003 (http)
2024-06-10 22:39:08.977 [main] INFO  o.a.coyote.http11.Http11NioProtocol -Initializing ProtocolHandler ["http-nio-8003"]
2024-06-10 22:39:08.978 [main] INFO  o.a.catalina.core.StandardService -Starting service [Tomcat]
2024-06-10 22:39:08.978 [main] INFO  o.a.catalina.core.StandardEngine -Starting Servlet engine: [Apache Tomcat/9.0.55]
2024-06-10 22:39:09.111 [main] INFO  o.a.c.c.C.[.[localhost].[/api] -Initializing Spring embedded WebApplicationContext
2024-06-10 22:39:09.112 [main] INFO  o.s.b.w.s.c.ServletWebServerApplicationContext -Root WebApplicationContext: initialization completed in 1198 ms
2024-06-10 22:39:10.177 [main] INFO  o.a.coyote.http11.Http11NioProtocol -Starting ProtocolHandler ["http-nio-8003"]
2024-06-10 22:39:10.192 [main] INFO  o.s.b.w.e.tomcat.TomcatWebServer -Tomcat started on port(s): 8003 (http) with context path '/api'
2024-06-10 22:39:10.211 [main] INFO  com.ywy.MainApplication -Started MainApplication in 2.718 seconds (JVM running for 3.402)
2024-06-10 22:39:10.269 [scheduling-1] INFO  com.zaxxer.hikari.HikariDataSource -HikariCPDatasource - Starting...
2024-06-10 22:39:11.703 [scheduling-1] ERROR com.zaxxer.hikari.pool.HikariPool -HikariCPDatasource - Exception during pool initialization.
java.sql.SQLSyntaxErrorException: Unknown database 'brucedrive'
	at com.mysql.cj.jdbc.exceptions.SQLError.createSQLException(SQLError.java:120)
	at com.mysql.cj.jdbc.exceptions.SQLExceptionsMapping.translateException(SQLExceptionsMapping.java:122)
	at com.mysql.cj.jdbc.ConnectionImpl.createNewIO(ConnectionImpl.java:833)
	at com.mysql.cj.jdbc.ConnectionImpl.<init>(ConnectionImpl.java:453)
	at com.mysql.cj.jdbc.ConnectionImpl.getInstance(ConnectionImpl.java:246)
	at com.mysql.cj.jdbc.NonRegisteringDriver.connect(NonRegisteringDriver.java:198)
	at com.zaxxer.hikari.util.DriverDataSource.getConnection(DriverDataSource.java:138)
	at com.zaxxer.hikari.pool.PoolBase.newConnection(PoolBase.java:364)
	at com.zaxxer.hikari.pool.PoolBase.newPoolEntry(PoolBase.java:206)
	at com.zaxxer.hikari.pool.HikariPool.createPoolEntry(HikariPool.java:476)
	at com.zaxxer.hikari.pool.HikariPool.checkFailFast(HikariPool.java:561)
	at com.zaxxer.hikari.pool.HikariPool.<init>(HikariPool.java:115)
	at com.zaxxer.hikari.HikariDataSource.getConnection(HikariDataSource.java:112)
	at org.springframework.jdbc.datasource.DataSourceUtils.fetchConnection(DataSourceUtils.java:159)
	at org.springframework.jdbc.datasource.DataSourceUtils.doGetConnection(DataSourceUtils.java:117)
	at org.springframework.jdbc.datasource.DataSourceUtils.getConnection(DataSourceUtils.java:80)
	at org.mybatis.spring.transaction.SpringManagedTransaction.openConnection(SpringManagedTransaction.java:82)
	at org.mybatis.spring.transaction.SpringManagedTransaction.getConnection(SpringManagedTransaction.java:68)
	at org.apache.ibatis.executor.BaseExecutor.getConnection(BaseExecutor.java:338)
	at org.apache.ibatis.executor.SimpleExecutor.prepareStatement(SimpleExecutor.java:84)
	at org.apache.ibatis.executor.SimpleExecutor.doQuery(SimpleExecutor.java:62)
	at org.apache.ibatis.executor.BaseExecutor.queryFromDatabase(BaseExecutor.java:326)
	at org.apache.ibatis.executor.BaseExecutor.query(BaseExecutor.java:156)
	at org.apache.ibatis.executor.CachingExecutor.query(CachingExecutor.java:109)
	at org.apache.ibatis.executor.CachingExecutor.query(CachingExecutor.java:83)
	at org.apache.ibatis.session.defaults.DefaultSqlSession.selectList(DefaultSqlSession.java:148)
	at org.apache.ibatis.session.defaults.DefaultSqlSession.selectList(DefaultSqlSession.java:141)
	at sun.reflect.NativeMethodAccessorImpl.invoke0(Native Method)
	at sun.reflect.NativeMethodAccessorImpl.invoke(NativeMethodAccessorImpl.java:62)
	at sun.reflect.DelegatingMethodAccessorImpl.invoke(DelegatingMethodAccessorImpl.java:43)
	at java.lang.reflect.Method.invoke(Method.java:498)
	at org.mybatis.spring.SqlSessionTemplate$SqlSessionInterceptor.invoke(SqlSessionTemplate.java:433)
	at com.sun.proxy.$Proxy80.selectList(Unknown Source)
	at org.mybatis.spring.SqlSessionTemplate.selectList(SqlSessionTemplate.java:230)
	at org.apache.ibatis.binding.MapperMethod.executeForMany(MapperMethod.java:139)
	at org.apache.ibatis.binding.MapperMethod.execute(MapperMethod.java:76)
	at org.apache.ibatis.binding.MapperProxy.invoke(MapperProxy.java:59)
	at com.sun.proxy.$Proxy81.selectList(Unknown Source)
	at com.ywy.core.base.BaseServiceImpl.findListByParam(BaseServiceImpl.java:21)
	at com.ywy.core.base.BaseServiceImpl$$FastClassBySpringCGLIB$$85bf79d6.invoke(<generated>)
	at org.springframework.cglib.proxy.MethodProxy.invoke(MethodProxy.java:218)
	at org.springframework.aop.framework.CglibAopProxy$DynamicAdvisedInterceptor.intercept(CglibAopProxy.java:689)
	at com.ywy.service.impl.SysFileInfoServiceImpl$$EnhancerBySpringCGLIB$$c5731e5a.findListByParam(<generated>)
	at com.ywy.task.FileTask.deleteRecycleExpireFile(FileTask.java:29)
	at sun.reflect.NativeMethodAccessorImpl.invoke0(Native Method)
	at sun.reflect.NativeMethodAccessorImpl.invoke(NativeMethodAccessorImpl.java:62)
	at sun.reflect.DelegatingMethodAccessorImpl.invoke(DelegatingMethodAccessorImpl.java:43)
	at java.lang.reflect.Method.invoke(Method.java:498)
	at org.springframework.scheduling.support.ScheduledMethodRunnable.run(ScheduledMethodRunnable.java:84)
	at org.springframework.scheduling.support.DelegatingErrorHandlingRunnable.run(DelegatingErrorHandlingRunnable.java:54)
	at java.util.concurrent.Executors$RunnableAdapter.call(Executors.java:511)
	at java.util.concurrent.FutureTask.runAndReset(FutureTask.java:308)
	at java.util.concurrent.ScheduledThreadPoolExecutor$ScheduledFutureTask.access$301(ScheduledThreadPoolExecutor.java:180)
	at java.util.concurrent.ScheduledThreadPoolExecutor$ScheduledFutureTask.run(ScheduledThreadPoolExecutor.java:294)
	at java.util.concurrent.ThreadPoolExecutor.runWorker(ThreadPoolExecutor.java:1149)
	at java.util.concurrent.ThreadPoolExecutor$Worker.run(ThreadPoolExecutor.java:624)
	at java.lang.Thread.run(Thread.java:748)
2024-06-10 22:39:11.706 [scheduling-1] ERROR o.s.s.s.TaskUtils$LoggingErrorHandler -Unexpected error occurred in scheduled task
org.mybatis.spring.MyBatisSystemException: nested exception is org.apache.ibatis.exceptions.PersistenceException: 
### Error querying database.  Cause: org.springframework.jdbc.CannotGetJdbcConnectionException: Failed to obtain JDBC Connection; nested exception is java.sql.SQLSyntaxErrorException: Unknown database 'brucedrive'
### The error may exist in com/ywy/mapper/SysFileInfoMapper.xml
### The error may involve com.ywy.mapper.SysFileInfoMapper.selectList
### The error occurred while executing a query
### Cause: org.springframework.jdbc.CannotGetJdbcConnectionException: Failed to obtain JDBC Connection; nested exception is java.sql.SQLSyntaxErrorException: Unknown database 'brucedrive'
	at org.mybatis.spring.MyBatisExceptionTranslator.translateExceptionIfPossible(MyBatisExceptionTranslator.java:77)
	at org.mybatis.spring.SqlSessionTemplate$SqlSessionInterceptor.invoke(SqlSessionTemplate.java:446)
	at com.sun.proxy.$Proxy80.selectList(Unknown Source)
	at org.mybatis.spring.SqlSessionTemplate.selectList(SqlSessionTemplate.java:230)
	at org.apache.ibatis.binding.MapperMethod.executeForMany(MapperMethod.java:139)
	at org.apache.ibatis.binding.MapperMethod.execute(MapperMethod.java:76)
	at org.apache.ibatis.binding.MapperProxy.invoke(MapperProxy.java:59)
	at com.sun.proxy.$Proxy81.selectList(Unknown Source)
	at com.ywy.core.base.BaseServiceImpl.findListByParam(BaseServiceImpl.java:21)
	at com.ywy.core.base.BaseServiceImpl$$FastClassBySpringCGLIB$$85bf79d6.invoke(<generated>)
	at org.springframework.cglib.proxy.MethodProxy.invoke(MethodProxy.java:218)
	at org.springframework.aop.framework.CglibAopProxy$DynamicAdvisedInterceptor.intercept(CglibAopProxy.java:689)
	at com.ywy.service.impl.SysFileInfoServiceImpl$$EnhancerBySpringCGLIB$$c5731e5a.findListByParam(<generated>)
	at com.ywy.task.FileTask.deleteRecycleExpireFile(FileTask.java:29)
	at sun.reflect.NativeMethodAccessorImpl.invoke0(Native Method)
	at sun.reflect.NativeMethodAccessorImpl.invoke(NativeMethodAccessorImpl.java:62)
	at sun.reflect.DelegatingMethodAccessorImpl.invoke(DelegatingMethodAccessorImpl.java:43)
	at java.lang.reflect.Method.invoke(Method.java:498)
	at org.springframework.scheduling.support.ScheduledMethodRunnable.run(ScheduledMethodRunnable.java:84)
	at org.springframework.scheduling.support.DelegatingErrorHandlingRunnable.run(DelegatingErrorHandlingRunnable.java:54)
	at java.util.concurrent.Executors$RunnableAdapter.call(Executors.java:511)
	at java.util.concurrent.FutureTask.runAndReset(FutureTask.java:308)
	at java.util.concurrent.ScheduledThreadPoolExecutor$ScheduledFutureTask.access$301(ScheduledThreadPoolExecutor.java:180)
	at java.util.concurrent.ScheduledThreadPoolExecutor$ScheduledFutureTask.run(ScheduledThreadPoolExecutor.java:294)
	at java.util.concurrent.ThreadPoolExecutor.runWorker(ThreadPoolExecutor.java:1149)
	at java.util.concurrent.ThreadPoolExecutor$Worker.run(ThreadPoolExecutor.java:624)
	at java.lang.Thread.run(Thread.java:748)
Caused by: org.apache.ibatis.exceptions.PersistenceException: 
### Error querying database.  Cause: org.springframework.jdbc.CannotGetJdbcConnectionException: Failed to obtain JDBC Connection; nested exception is java.sql.SQLSyntaxErrorException: Unknown database 'brucedrive'
### The error may exist in com/ywy/mapper/SysFileInfoMapper.xml
### The error may involve com.ywy.mapper.SysFileInfoMapper.selectList
### The error occurred while executing a query
### Cause: org.springframework.jdbc.CannotGetJdbcConnectionException: Failed to obtain JDBC Connection; nested exception is java.sql.SQLSyntaxErrorException: Unknown database 'brucedrive'
	at org.apache.ibatis.exceptions.ExceptionFactory.wrapException(ExceptionFactory.java:30)
	at org.apache.ibatis.session.defaults.DefaultSqlSession.selectList(DefaultSqlSession.java:150)
	at org.apache.ibatis.session.defaults.DefaultSqlSession.selectList(DefaultSqlSession.java:141)
	at sun.reflect.NativeMethodAccessorImpl.invoke0(Native Method)
	at sun.reflect.NativeMethodAccessorImpl.invoke(NativeMethodAccessorImpl.java:62)
	at sun.reflect.DelegatingMethodAccessorImpl.invoke(DelegatingMethodAccessorImpl.java:43)
	at java.lang.reflect.Method.invoke(Method.java:498)
	at org.mybatis.spring.SqlSessionTemplate$SqlSessionInterceptor.invoke(SqlSessionTemplate.java:433)
	... 25 common frames omitted
Caused by: org.springframework.jdbc.CannotGetJdbcConnectionException: Failed to obtain JDBC Connection; nested exception is java.sql.SQLSyntaxErrorException: Unknown database 'brucedrive'
	at org.springframework.jdbc.datasource.DataSourceUtils.getConnection(DataSourceUtils.java:83)
	at org.mybatis.spring.transaction.SpringManagedTransaction.openConnection(SpringManagedTransaction.java:82)
	at org.mybatis.spring.transaction.SpringManagedTransaction.getConnection(SpringManagedTransaction.java:68)
	at org.apache.ibatis.executor.BaseExecutor.getConnection(BaseExecutor.java:338)
	at org.apache.ibatis.executor.SimpleExecutor.prepareStatement(SimpleExecutor.java:84)
	at org.apache.ibatis.executor.SimpleExecutor.doQuery(SimpleExecutor.java:62)
	at org.apache.ibatis.executor.BaseExecutor.queryFromDatabase(BaseExecutor.java:326)
	at org.apache.ibatis.executor.BaseExecutor.query(BaseExecutor.java:156)
	at org.apache.ibatis.executor.CachingExecutor.query(CachingExecutor.java:109)
	at org.apache.ibatis.executor.CachingExecutor.query(CachingExecutor.java:83)
	at org.apache.ibatis.session.defaults.DefaultSqlSession.selectList(DefaultSqlSession.java:148)
	... 31 common frames omitted
Caused by: java.sql.SQLSyntaxErrorException: Unknown database 'brucedrive'
	at com.mysql.cj.jdbc.exceptions.SQLError.createSQLException(SQLError.java:120)
	at com.mysql.cj.jdbc.exceptions.SQLExceptionsMapping.translateException(SQLExceptionsMapping.java:122)
	at com.mysql.cj.jdbc.ConnectionImpl.createNewIO(ConnectionImpl.java:833)
	at com.mysql.cj.jdbc.ConnectionImpl.<init>(ConnectionImpl.java:453)
	at com.mysql.cj.jdbc.ConnectionImpl.getInstance(ConnectionImpl.java:246)
	at com.mysql.cj.jdbc.NonRegisteringDriver.connect(NonRegisteringDriver.java:198)
	at com.zaxxer.hikari.util.DriverDataSource.getConnection(DriverDataSource.java:138)
	at com.zaxxer.hikari.pool.PoolBase.newConnection(PoolBase.java:364)
	at com.zaxxer.hikari.pool.PoolBase.newPoolEntry(PoolBase.java:206)
	at com.zaxxer.hikari.pool.HikariPool.createPoolEntry(HikariPool.java:476)
	at com.zaxxer.hikari.pool.HikariPool.checkFailFast(HikariPool.java:561)
	at com.zaxxer.hikari.pool.HikariPool.<init>(HikariPool.java:115)
	at com.zaxxer.hikari.HikariDataSource.getConnection(HikariDataSource.java:112)
	at org.springframework.jdbc.datasource.DataSourceUtils.fetchConnection(DataSourceUtils.java:159)
	at org.springframework.jdbc.datasource.DataSourceUtils.doGetConnection(DataSourceUtils.java:117)
	at org.springframework.jdbc.datasource.DataSourceUtils.getConnection(DataSourceUtils.java:80)
	... 41 common frames omitted
2024-06-10 22:40:48.932 [main] INFO  com.ywy.MainApplication -Starting MainApplication using Java 1.8.0_301 on DESKTOP-326BLPA with PID 7384 (C:\Users\user\Desktop\boot-netdisk-master\boot-netdisk-backend\target\classes started by user in C:\Users\user\Desktop\boot-netdisk-master)
2024-06-10 22:40:48.936 [main] INFO  com.ywy.MainApplication -The following profiles are active: dev
2024-06-10 22:40:49.474 [main] INFO  o.s.d.r.c.RepositoryConfigurationDelegate -Multiple Spring Data modules found, entering strict repository configuration mode!
2024-06-10 22:40:49.476 [main] INFO  o.s.d.r.c.RepositoryConfigurationDelegate -Bootstrapping Spring Data Redis repositories in DEFAULT mode.
2024-06-10 22:40:49.502 [main] INFO  o.s.d.r.c.RepositoryConfigurationDelegate -Finished Spring Data repository scanning in 16 ms. Found 0 Redis repository interfaces.
2024-06-10 22:40:49.986 [main] INFO  o.s.b.w.e.tomcat.TomcatWebServer -Tomcat initialized with port(s): 8003 (http)
2024-06-10 22:40:49.992 [main] INFO  o.a.coyote.http11.Http11NioProtocol -Initializing ProtocolHandler ["http-nio-8003"]
2024-06-10 22:40:49.993 [main] INFO  o.a.catalina.core.StandardService -Starting service [Tomcat]
2024-06-10 22:40:49.993 [main] INFO  o.a.catalina.core.StandardEngine -Starting Servlet engine: [Apache Tomcat/9.0.55]
2024-06-10 22:40:50.104 [main] INFO  o.a.c.c.C.[.[localhost].[/api] -Initializing Spring embedded WebApplicationContext
2024-06-10 22:40:50.104 [main] INFO  o.s.b.w.s.c.ServletWebServerApplicationContext -Root WebApplicationContext: initialization completed in 1119 ms
2024-06-10 22:40:51.173 [main] INFO  o.a.coyote.http11.Http11NioProtocol -Starting ProtocolHandler ["http-nio-8003"]
2024-06-10 22:40:51.188 [main] INFO  o.s.b.w.e.tomcat.TomcatWebServer -Tomcat started on port(s): 8003 (http) with context path '/api'
2024-06-10 22:40:51.209 [main] INFO  com.ywy.MainApplication -Started MainApplication in 2.713 seconds (JVM running for 3.354)
2024-06-10 22:40:51.261 [scheduling-1] INFO  com.zaxxer.hikari.HikariDataSource -HikariCPDatasource - Starting...
2024-06-10 22:40:52.689 [scheduling-1] ERROR com.zaxxer.hikari.pool.HikariPool -HikariCPDatasource - Exception during pool initialization.
java.sql.SQLSyntaxErrorException: Unknown database 'brucedrive'
	at com.mysql.cj.jdbc.exceptions.SQLError.createSQLException(SQLError.java:120)
	at com.mysql.cj.jdbc.exceptions.SQLExceptionsMapping.translateException(SQLExceptionsMapping.java:122)
	at com.mysql.cj.jdbc.ConnectionImpl.createNewIO(ConnectionImpl.java:833)
	at com.mysql.cj.jdbc.ConnectionImpl.<init>(ConnectionImpl.java:453)
	at com.mysql.cj.jdbc.ConnectionImpl.getInstance(ConnectionImpl.java:246)
	at com.mysql.cj.jdbc.NonRegisteringDriver.connect(NonRegisteringDriver.java:198)
	at com.zaxxer.hikari.util.DriverDataSource.getConnection(DriverDataSource.java:138)
	at com.zaxxer.hikari.pool.PoolBase.newConnection(PoolBase.java:364)
	at com.zaxxer.hikari.pool.PoolBase.newPoolEntry(PoolBase.java:206)
	at com.zaxxer.hikari.pool.HikariPool.createPoolEntry(HikariPool.java:476)
	at com.zaxxer.hikari.pool.HikariPool.checkFailFast(HikariPool.java:561)
	at com.zaxxer.hikari.pool.HikariPool.<init>(HikariPool.java:115)
	at com.zaxxer.hikari.HikariDataSource.getConnection(HikariDataSource.java:112)
	at org.springframework.jdbc.datasource.DataSourceUtils.fetchConnection(DataSourceUtils.java:159)
	at org.springframework.jdbc.datasource.DataSourceUtils.doGetConnection(DataSourceUtils.java:117)
	at org.springframework.jdbc.datasource.DataSourceUtils.getConnection(DataSourceUtils.java:80)
	at org.mybatis.spring.transaction.SpringManagedTransaction.openConnection(SpringManagedTransaction.java:82)
	at org.mybatis.spring.transaction.SpringManagedTransaction.getConnection(SpringManagedTransaction.java:68)
	at org.apache.ibatis.executor.BaseExecutor.getConnection(BaseExecutor.java:338)
	at org.apache.ibatis.executor.SimpleExecutor.prepareStatement(SimpleExecutor.java:84)
	at org.apache.ibatis.executor.SimpleExecutor.doQuery(SimpleExecutor.java:62)
	at org.apache.ibatis.executor.BaseExecutor.queryFromDatabase(BaseExecutor.java:326)
	at org.apache.ibatis.executor.BaseExecutor.query(BaseExecutor.java:156)
	at org.apache.ibatis.executor.CachingExecutor.query(CachingExecutor.java:109)
	at org.apache.ibatis.executor.CachingExecutor.query(CachingExecutor.java:83)
	at org.apache.ibatis.session.defaults.DefaultSqlSession.selectList(DefaultSqlSession.java:148)
	at org.apache.ibatis.session.defaults.DefaultSqlSession.selectList(DefaultSqlSession.java:141)
	at sun.reflect.NativeMethodAccessorImpl.invoke0(Native Method)
	at sun.reflect.NativeMethodAccessorImpl.invoke(NativeMethodAccessorImpl.java:62)
	at sun.reflect.DelegatingMethodAccessorImpl.invoke(DelegatingMethodAccessorImpl.java:43)
	at java.lang.reflect.Method.invoke(Method.java:498)
	at org.mybatis.spring.SqlSessionTemplate$SqlSessionInterceptor.invoke(SqlSessionTemplate.java:433)
	at com.sun.proxy.$Proxy80.selectList(Unknown Source)
	at org.mybatis.spring.SqlSessionTemplate.selectList(SqlSessionTemplate.java:230)
	at org.apache.ibatis.binding.MapperMethod.executeForMany(MapperMethod.java:139)
	at org.apache.ibatis.binding.MapperMethod.execute(MapperMethod.java:76)
	at org.apache.ibatis.binding.MapperProxy.invoke(MapperProxy.java:59)
	at com.sun.proxy.$Proxy81.selectList(Unknown Source)
	at com.ywy.core.base.BaseServiceImpl.findListByParam(BaseServiceImpl.java:21)
	at com.ywy.core.base.BaseServiceImpl$$FastClassBySpringCGLIB$$85bf79d6.invoke(<generated>)
	at org.springframework.cglib.proxy.MethodProxy.invoke(MethodProxy.java:218)
	at org.springframework.aop.framework.CglibAopProxy$DynamicAdvisedInterceptor.intercept(CglibAopProxy.java:689)
	at com.ywy.service.impl.SysFileInfoServiceImpl$$EnhancerBySpringCGLIB$$8e671674.findListByParam(<generated>)
	at com.ywy.task.FileTask.deleteRecycleExpireFile(FileTask.java:29)
	at sun.reflect.NativeMethodAccessorImpl.invoke0(Native Method)
	at sun.reflect.NativeMethodAccessorImpl.invoke(NativeMethodAccessorImpl.java:62)
	at sun.reflect.DelegatingMethodAccessorImpl.invoke(DelegatingMethodAccessorImpl.java:43)
	at java.lang.reflect.Method.invoke(Method.java:498)
	at org.springframework.scheduling.support.ScheduledMethodRunnable.run(ScheduledMethodRunnable.java:84)
	at org.springframework.scheduling.support.DelegatingErrorHandlingRunnable.run(DelegatingErrorHandlingRunnable.java:54)
	at java.util.concurrent.Executors$RunnableAdapter.call(Executors.java:511)
	at java.util.concurrent.FutureTask.runAndReset(FutureTask.java:308)
	at java.util.concurrent.ScheduledThreadPoolExecutor$ScheduledFutureTask.access$301(ScheduledThreadPoolExecutor.java:180)
	at java.util.concurrent.ScheduledThreadPoolExecutor$ScheduledFutureTask.run(ScheduledThreadPoolExecutor.java:294)
	at java.util.concurrent.ThreadPoolExecutor.runWorker(ThreadPoolExecutor.java:1149)
	at java.util.concurrent.ThreadPoolExecutor$Worker.run(ThreadPoolExecutor.java:624)
	at java.lang.Thread.run(Thread.java:748)
2024-06-10 22:40:52.693 [scheduling-1] ERROR o.s.s.s.TaskUtils$LoggingErrorHandler -Unexpected error occurred in scheduled task
org.mybatis.spring.MyBatisSystemException: nested exception is org.apache.ibatis.exceptions.PersistenceException: 
### Error querying database.  Cause: org.springframework.jdbc.CannotGetJdbcConnectionException: Failed to obtain JDBC Connection; nested exception is java.sql.SQLSyntaxErrorException: Unknown database 'brucedrive'
### The error may exist in com/ywy/mapper/SysFileInfoMapper.xml
### The error may involve com.ywy.mapper.SysFileInfoMapper.selectList
### The error occurred while executing a query
### Cause: org.springframework.jdbc.CannotGetJdbcConnectionException: Failed to obtain JDBC Connection; nested exception is java.sql.SQLSyntaxErrorException: Unknown database 'brucedrive'
	at org.mybatis.spring.MyBatisExceptionTranslator.translateExceptionIfPossible(MyBatisExceptionTranslator.java:77)
	at org.mybatis.spring.SqlSessionTemplate$SqlSessionInterceptor.invoke(SqlSessionTemplate.java:446)
	at com.sun.proxy.$Proxy80.selectList(Unknown Source)
	at org.mybatis.spring.SqlSessionTemplate.selectList(SqlSessionTemplate.java:230)
	at org.apache.ibatis.binding.MapperMethod.executeForMany(MapperMethod.java:139)
	at org.apache.ibatis.binding.MapperMethod.execute(MapperMethod.java:76)
	at org.apache.ibatis.binding.MapperProxy.invoke(MapperProxy.java:59)
	at com.sun.proxy.$Proxy81.selectList(Unknown Source)
	at com.ywy.core.base.BaseServiceImpl.findListByParam(BaseServiceImpl.java:21)
	at com.ywy.core.base.BaseServiceImpl$$FastClassBySpringCGLIB$$85bf79d6.invoke(<generated>)
	at org.springframework.cglib.proxy.MethodProxy.invoke(MethodProxy.java:218)
	at org.springframework.aop.framework.CglibAopProxy$DynamicAdvisedInterceptor.intercept(CglibAopProxy.java:689)
	at com.ywy.service.impl.SysFileInfoServiceImpl$$EnhancerBySpringCGLIB$$8e671674.findListByParam(<generated>)
	at com.ywy.task.FileTask.deleteRecycleExpireFile(FileTask.java:29)
	at sun.reflect.NativeMethodAccessorImpl.invoke0(Native Method)
	at sun.reflect.NativeMethodAccessorImpl.invoke(NativeMethodAccessorImpl.java:62)
	at sun.reflect.DelegatingMethodAccessorImpl.invoke(DelegatingMethodAccessorImpl.java:43)
	at java.lang.reflect.Method.invoke(Method.java:498)
	at org.springframework.scheduling.support.ScheduledMethodRunnable.run(ScheduledMethodRunnable.java:84)
	at org.springframework.scheduling.support.DelegatingErrorHandlingRunnable.run(DelegatingErrorHandlingRunnable.java:54)
	at java.util.concurrent.Executors$RunnableAdapter.call(Executors.java:511)
	at java.util.concurrent.FutureTask.runAndReset(FutureTask.java:308)
	at java.util.concurrent.ScheduledThreadPoolExecutor$ScheduledFutureTask.access$301(ScheduledThreadPoolExecutor.java:180)
	at java.util.concurrent.ScheduledThreadPoolExecutor$ScheduledFutureTask.run(ScheduledThreadPoolExecutor.java:294)
	at java.util.concurrent.ThreadPoolExecutor.runWorker(ThreadPoolExecutor.java:1149)
	at java.util.concurrent.ThreadPoolExecutor$Worker.run(ThreadPoolExecutor.java:624)
	at java.lang.Thread.run(Thread.java:748)
Caused by: org.apache.ibatis.exceptions.PersistenceException: 
### Error querying database.  Cause: org.springframework.jdbc.CannotGetJdbcConnectionException: Failed to obtain JDBC Connection; nested exception is java.sql.SQLSyntaxErrorException: Unknown database 'brucedrive'
### The error may exist in com/ywy/mapper/SysFileInfoMapper.xml
### The error may involve com.ywy.mapper.SysFileInfoMapper.selectList
### The error occurred while executing a query
### Cause: org.springframework.jdbc.CannotGetJdbcConnectionException: Failed to obtain JDBC Connection; nested exception is java.sql.SQLSyntaxErrorException: Unknown database 'brucedrive'
	at org.apache.ibatis.exceptions.ExceptionFactory.wrapException(ExceptionFactory.java:30)
	at org.apache.ibatis.session.defaults.DefaultSqlSession.selectList(DefaultSqlSession.java:150)
	at org.apache.ibatis.session.defaults.DefaultSqlSession.selectList(DefaultSqlSession.java:141)
	at sun.reflect.NativeMethodAccessorImpl.invoke0(Native Method)
	at sun.reflect.NativeMethodAccessorImpl.invoke(NativeMethodAccessorImpl.java:62)
	at sun.reflect.DelegatingMethodAccessorImpl.invoke(DelegatingMethodAccessorImpl.java:43)
	at java.lang.reflect.Method.invoke(Method.java:498)
	at org.mybatis.spring.SqlSessionTemplate$SqlSessionInterceptor.invoke(SqlSessionTemplate.java:433)
	... 25 common frames omitted
Caused by: org.springframework.jdbc.CannotGetJdbcConnectionException: Failed to obtain JDBC Connection; nested exception is java.sql.SQLSyntaxErrorException: Unknown database 'brucedrive'
	at org.springframework.jdbc.datasource.DataSourceUtils.getConnection(DataSourceUtils.java:83)
	at org.mybatis.spring.transaction.SpringManagedTransaction.openConnection(SpringManagedTransaction.java:82)
	at org.mybatis.spring.transaction.SpringManagedTransaction.getConnection(SpringManagedTransaction.java:68)
	at org.apache.ibatis.executor.BaseExecutor.getConnection(BaseExecutor.java:338)
	at org.apache.ibatis.executor.SimpleExecutor.prepareStatement(SimpleExecutor.java:84)
	at org.apache.ibatis.executor.SimpleExecutor.doQuery(SimpleExecutor.java:62)
	at org.apache.ibatis.executor.BaseExecutor.queryFromDatabase(BaseExecutor.java:326)
	at org.apache.ibatis.executor.BaseExecutor.query(BaseExecutor.java:156)
	at org.apache.ibatis.executor.CachingExecutor.query(CachingExecutor.java:109)
	at org.apache.ibatis.executor.CachingExecutor.query(CachingExecutor.java:83)
	at org.apache.ibatis.session.defaults.DefaultSqlSession.selectList(DefaultSqlSession.java:148)
	... 31 common frames omitted
Caused by: java.sql.SQLSyntaxErrorException: Unknown database 'brucedrive'
	at com.mysql.cj.jdbc.exceptions.SQLError.createSQLException(SQLError.java:120)
	at com.mysql.cj.jdbc.exceptions.SQLExceptionsMapping.translateException(SQLExceptionsMapping.java:122)
	at com.mysql.cj.jdbc.ConnectionImpl.createNewIO(ConnectionImpl.java:833)
	at com.mysql.cj.jdbc.ConnectionImpl.<init>(ConnectionImpl.java:453)
	at com.mysql.cj.jdbc.ConnectionImpl.getInstance(ConnectionImpl.java:246)
	at com.mysql.cj.jdbc.NonRegisteringDriver.connect(NonRegisteringDriver.java:198)
	at com.zaxxer.hikari.util.DriverDataSource.getConnection(DriverDataSource.java:138)
	at com.zaxxer.hikari.pool.PoolBase.newConnection(PoolBase.java:364)
	at com.zaxxer.hikari.pool.PoolBase.newPoolEntry(PoolBase.java:206)
	at com.zaxxer.hikari.pool.HikariPool.createPoolEntry(HikariPool.java:476)
	at com.zaxxer.hikari.pool.HikariPool.checkFailFast(HikariPool.java:561)
	at com.zaxxer.hikari.pool.HikariPool.<init>(HikariPool.java:115)
	at com.zaxxer.hikari.HikariDataSource.getConnection(HikariDataSource.java:112)
	at org.springframework.jdbc.datasource.DataSourceUtils.fetchConnection(DataSourceUtils.java:159)
	at org.springframework.jdbc.datasource.DataSourceUtils.doGetConnection(DataSourceUtils.java:117)
	at org.springframework.jdbc.datasource.DataSourceUtils.getConnection(DataSourceUtils.java:80)
	... 41 common frames omitted
2024-06-10 22:43:52.711 [scheduling-1] INFO  com.zaxxer.hikari.HikariDataSource -HikariCPDatasource - Starting...
2024-06-10 22:43:53.739 [scheduling-1] ERROR com.zaxxer.hikari.pool.HikariPool -HikariCPDatasource - Exception during pool initialization.
java.sql.SQLSyntaxErrorException: Unknown database 'brucedrive'
	at com.mysql.cj.jdbc.exceptions.SQLError.createSQLException(SQLError.java:120)
	at com.mysql.cj.jdbc.exceptions.SQLExceptionsMapping.translateException(SQLExceptionsMapping.java:122)
	at com.mysql.cj.jdbc.ConnectionImpl.createNewIO(ConnectionImpl.java:833)
	at com.mysql.cj.jdbc.ConnectionImpl.<init>(ConnectionImpl.java:453)
	at com.mysql.cj.jdbc.ConnectionImpl.getInstance(ConnectionImpl.java:246)
	at com.mysql.cj.jdbc.NonRegisteringDriver.connect(NonRegisteringDriver.java:198)
	at com.zaxxer.hikari.util.DriverDataSource.getConnection(DriverDataSource.java:138)
	at com.zaxxer.hikari.pool.PoolBase.newConnection(PoolBase.java:364)
	at com.zaxxer.hikari.pool.PoolBase.newPoolEntry(PoolBase.java:206)
	at com.zaxxer.hikari.pool.HikariPool.createPoolEntry(HikariPool.java:476)
	at com.zaxxer.hikari.pool.HikariPool.checkFailFast(HikariPool.java:561)
	at com.zaxxer.hikari.pool.HikariPool.<init>(HikariPool.java:115)
	at com.zaxxer.hikari.HikariDataSource.getConnection(HikariDataSource.java:112)
	at org.springframework.jdbc.datasource.DataSourceUtils.fetchConnection(DataSourceUtils.java:159)
	at org.springframework.jdbc.datasource.DataSourceUtils.doGetConnection(DataSourceUtils.java:117)
	at org.springframework.jdbc.datasource.DataSourceUtils.getConnection(DataSourceUtils.java:80)
	at org.mybatis.spring.transaction.SpringManagedTransaction.openConnection(SpringManagedTransaction.java:82)
	at org.mybatis.spring.transaction.SpringManagedTransaction.getConnection(SpringManagedTransaction.java:68)
	at org.apache.ibatis.executor.BaseExecutor.getConnection(BaseExecutor.java:338)
	at org.apache.ibatis.executor.SimpleExecutor.prepareStatement(SimpleExecutor.java:84)
	at org.apache.ibatis.executor.SimpleExecutor.doQuery(SimpleExecutor.java:62)
	at org.apache.ibatis.executor.BaseExecutor.queryFromDatabase(BaseExecutor.java:326)
	at org.apache.ibatis.executor.BaseExecutor.query(BaseExecutor.java:156)
	at org.apache.ibatis.executor.CachingExecutor.query(CachingExecutor.java:109)
	at org.apache.ibatis.executor.CachingExecutor.query(CachingExecutor.java:83)
	at org.apache.ibatis.session.defaults.DefaultSqlSession.selectList(DefaultSqlSession.java:148)
	at org.apache.ibatis.session.defaults.DefaultSqlSession.selectList(DefaultSqlSession.java:141)
	at sun.reflect.NativeMethodAccessorImpl.invoke0(Native Method)
	at sun.reflect.NativeMethodAccessorImpl.invoke(NativeMethodAccessorImpl.java:62)
	at sun.reflect.DelegatingMethodAccessorImpl.invoke(DelegatingMethodAccessorImpl.java:43)
	at java.lang.reflect.Method.invoke(Method.java:498)
	at org.mybatis.spring.SqlSessionTemplate$SqlSessionInterceptor.invoke(SqlSessionTemplate.java:433)
	at com.sun.proxy.$Proxy80.selectList(Unknown Source)
	at org.mybatis.spring.SqlSessionTemplate.selectList(SqlSessionTemplate.java:230)
	at org.apache.ibatis.binding.MapperMethod.executeForMany(MapperMethod.java:139)
	at org.apache.ibatis.binding.MapperMethod.execute(MapperMethod.java:76)
	at org.apache.ibatis.binding.MapperProxy.invoke(MapperProxy.java:59)
	at com.sun.proxy.$Proxy81.selectList(Unknown Source)
	at com.ywy.core.base.BaseServiceImpl.findListByParam(BaseServiceImpl.java:21)
	at com.ywy.core.base.BaseServiceImpl$$FastClassBySpringCGLIB$$85bf79d6.invoke(<generated>)
	at org.springframework.cglib.proxy.MethodProxy.invoke(MethodProxy.java:218)
	at org.springframework.aop.framework.CglibAopProxy$DynamicAdvisedInterceptor.intercept(CglibAopProxy.java:689)
	at com.ywy.service.impl.SysFileInfoServiceImpl$$EnhancerBySpringCGLIB$$8e671674.findListByParam(<generated>)
	at com.ywy.task.FileTask.deleteRecycleExpireFile(FileTask.java:29)
	at sun.reflect.NativeMethodAccessorImpl.invoke0(Native Method)
	at sun.reflect.NativeMethodAccessorImpl.invoke(NativeMethodAccessorImpl.java:62)
	at sun.reflect.DelegatingMethodAccessorImpl.invoke(DelegatingMethodAccessorImpl.java:43)
	at java.lang.reflect.Method.invoke(Method.java:498)
	at org.springframework.scheduling.support.ScheduledMethodRunnable.run(ScheduledMethodRunnable.java:84)
	at org.springframework.scheduling.support.DelegatingErrorHandlingRunnable.run(DelegatingErrorHandlingRunnable.java:54)
	at java.util.concurrent.Executors$RunnableAdapter.call(Executors.java:511)
	at java.util.concurrent.FutureTask.runAndReset(FutureTask.java:308)
	at java.util.concurrent.ScheduledThreadPoolExecutor$ScheduledFutureTask.access$301(ScheduledThreadPoolExecutor.java:180)
	at java.util.concurrent.ScheduledThreadPoolExecutor$ScheduledFutureTask.run(ScheduledThreadPoolExecutor.java:294)
	at java.util.concurrent.ThreadPoolExecutor.runWorker(ThreadPoolExecutor.java:1149)
	at java.util.concurrent.ThreadPoolExecutor$Worker.run(ThreadPoolExecutor.java:624)
	at java.lang.Thread.run(Thread.java:748)
2024-06-10 22:43:53.740 [scheduling-1] ERROR o.s.s.s.TaskUtils$LoggingErrorHandler -Unexpected error occurred in scheduled task
org.mybatis.spring.MyBatisSystemException: nested exception is org.apache.ibatis.exceptions.PersistenceException: 
### Error querying database.  Cause: org.springframework.jdbc.CannotGetJdbcConnectionException: Failed to obtain JDBC Connection; nested exception is java.sql.SQLSyntaxErrorException: Unknown database 'brucedrive'
### The error may exist in com/ywy/mapper/SysFileInfoMapper.xml
### The error may involve com.ywy.mapper.SysFileInfoMapper.selectList
### The error occurred while executing a query
### Cause: org.springframework.jdbc.CannotGetJdbcConnectionException: Failed to obtain JDBC Connection; nested exception is java.sql.SQLSyntaxErrorException: Unknown database 'brucedrive'
	at org.mybatis.spring.MyBatisExceptionTranslator.translateExceptionIfPossible(MyBatisExceptionTranslator.java:77)
	at org.mybatis.spring.SqlSessionTemplate$SqlSessionInterceptor.invoke(SqlSessionTemplate.java:446)
	at com.sun.proxy.$Proxy80.selectList(Unknown Source)
	at org.mybatis.spring.SqlSessionTemplate.selectList(SqlSessionTemplate.java:230)
	at org.apache.ibatis.binding.MapperMethod.executeForMany(MapperMethod.java:139)
	at org.apache.ibatis.binding.MapperMethod.execute(MapperMethod.java:76)
	at org.apache.ibatis.binding.MapperProxy.invoke(MapperProxy.java:59)
	at com.sun.proxy.$Proxy81.selectList(Unknown Source)
	at com.ywy.core.base.BaseServiceImpl.findListByParam(BaseServiceImpl.java:21)
	at com.ywy.core.base.BaseServiceImpl$$FastClassBySpringCGLIB$$85bf79d6.invoke(<generated>)
	at org.springframework.cglib.proxy.MethodProxy.invoke(MethodProxy.java:218)
	at org.springframework.aop.framework.CglibAopProxy$DynamicAdvisedInterceptor.intercept(CglibAopProxy.java:689)
	at com.ywy.service.impl.SysFileInfoServiceImpl$$EnhancerBySpringCGLIB$$8e671674.findListByParam(<generated>)
	at com.ywy.task.FileTask.deleteRecycleExpireFile(FileTask.java:29)
	at sun.reflect.NativeMethodAccessorImpl.invoke0(Native Method)
	at sun.reflect.NativeMethodAccessorImpl.invoke(NativeMethodAccessorImpl.java:62)
	at sun.reflect.DelegatingMethodAccessorImpl.invoke(DelegatingMethodAccessorImpl.java:43)
	at java.lang.reflect.Method.invoke(Method.java:498)
	at org.springframework.scheduling.support.ScheduledMethodRunnable.run(ScheduledMethodRunnable.java:84)
	at org.springframework.scheduling.support.DelegatingErrorHandlingRunnable.run(DelegatingErrorHandlingRunnable.java:54)
	at java.util.concurrent.Executors$RunnableAdapter.call(Executors.java:511)
	at java.util.concurrent.FutureTask.runAndReset(FutureTask.java:308)
	at java.util.concurrent.ScheduledThreadPoolExecutor$ScheduledFutureTask.access$301(ScheduledThreadPoolExecutor.java:180)
	at java.util.concurrent.ScheduledThreadPoolExecutor$ScheduledFutureTask.run(ScheduledThreadPoolExecutor.java:294)
	at java.util.concurrent.ThreadPoolExecutor.runWorker(ThreadPoolExecutor.java:1149)
	at java.util.concurrent.ThreadPoolExecutor$Worker.run(ThreadPoolExecutor.java:624)
	at java.lang.Thread.run(Thread.java:748)
Caused by: org.apache.ibatis.exceptions.PersistenceException: 
### Error querying database.  Cause: org.springframework.jdbc.CannotGetJdbcConnectionException: Failed to obtain JDBC Connection; nested exception is java.sql.SQLSyntaxErrorException: Unknown database 'brucedrive'
### The error may exist in com/ywy/mapper/SysFileInfoMapper.xml
### The error may involve com.ywy.mapper.SysFileInfoMapper.selectList
### The error occurred while executing a query
### Cause: org.springframework.jdbc.CannotGetJdbcConnectionException: Failed to obtain JDBC Connection; nested exception is java.sql.SQLSyntaxErrorException: Unknown database 'brucedrive'
	at org.apache.ibatis.exceptions.ExceptionFactory.wrapException(ExceptionFactory.java:30)
	at org.apache.ibatis.session.defaults.DefaultSqlSession.selectList(DefaultSqlSession.java:150)
	at org.apache.ibatis.session.defaults.DefaultSqlSession.selectList(DefaultSqlSession.java:141)
	at sun.reflect.NativeMethodAccessorImpl.invoke0(Native Method)
	at sun.reflect.NativeMethodAccessorImpl.invoke(NativeMethodAccessorImpl.java:62)
	at sun.reflect.DelegatingMethodAccessorImpl.invoke(DelegatingMethodAccessorImpl.java:43)
	at java.lang.reflect.Method.invoke(Method.java:498)
	at org.mybatis.spring.SqlSessionTemplate$SqlSessionInterceptor.invoke(SqlSessionTemplate.java:433)
	... 25 common frames omitted
Caused by: org.springframework.jdbc.CannotGetJdbcConnectionException: Failed to obtain JDBC Connection; nested exception is java.sql.SQLSyntaxErrorException: Unknown database 'brucedrive'
	at org.springframework.jdbc.datasource.DataSourceUtils.getConnection(DataSourceUtils.java:83)
	at org.mybatis.spring.transaction.SpringManagedTransaction.openConnection(SpringManagedTransaction.java:82)
	at org.mybatis.spring.transaction.SpringManagedTransaction.getConnection(SpringManagedTransaction.java:68)
	at org.apache.ibatis.executor.BaseExecutor.getConnection(BaseExecutor.java:338)
	at org.apache.ibatis.executor.SimpleExecutor.prepareStatement(SimpleExecutor.java:84)
	at org.apache.ibatis.executor.SimpleExecutor.doQuery(SimpleExecutor.java:62)
	at org.apache.ibatis.executor.BaseExecutor.queryFromDatabase(BaseExecutor.java:326)
	at org.apache.ibatis.executor.BaseExecutor.query(BaseExecutor.java:156)
	at org.apache.ibatis.executor.CachingExecutor.query(CachingExecutor.java:109)
	at org.apache.ibatis.executor.CachingExecutor.query(CachingExecutor.java:83)
	at org.apache.ibatis.session.defaults.DefaultSqlSession.selectList(DefaultSqlSession.java:148)
	... 31 common frames omitted
Caused by: java.sql.SQLSyntaxErrorException: Unknown database 'brucedrive'
	at com.mysql.cj.jdbc.exceptions.SQLError.createSQLException(SQLError.java:120)
	at com.mysql.cj.jdbc.exceptions.SQLExceptionsMapping.translateException(SQLExceptionsMapping.java:122)
	at com.mysql.cj.jdbc.ConnectionImpl.createNewIO(ConnectionImpl.java:833)
	at com.mysql.cj.jdbc.ConnectionImpl.<init>(ConnectionImpl.java:453)
	at com.mysql.cj.jdbc.ConnectionImpl.getInstance(ConnectionImpl.java:246)
	at com.mysql.cj.jdbc.NonRegisteringDriver.connect(NonRegisteringDriver.java:198)
	at com.zaxxer.hikari.util.DriverDataSource.getConnection(DriverDataSource.java:138)
	at com.zaxxer.hikari.pool.PoolBase.newConnection(PoolBase.java:364)
	at com.zaxxer.hikari.pool.PoolBase.newPoolEntry(PoolBase.java:206)
	at com.zaxxer.hikari.pool.HikariPool.createPoolEntry(HikariPool.java:476)
	at com.zaxxer.hikari.pool.HikariPool.checkFailFast(HikariPool.java:561)
	at com.zaxxer.hikari.pool.HikariPool.<init>(HikariPool.java:115)
	at com.zaxxer.hikari.HikariDataSource.getConnection(HikariDataSource.java:112)
	at org.springframework.jdbc.datasource.DataSourceUtils.fetchConnection(DataSourceUtils.java:159)
	at org.springframework.jdbc.datasource.DataSourceUtils.doGetConnection(DataSourceUtils.java:117)
	at org.springframework.jdbc.datasource.DataSourceUtils.getConnection(DataSourceUtils.java:80)
	... 41 common frames omitted
2024-06-10 22:44:38.456 [main] INFO  com.ywy.MainApplication -Starting MainApplication using Java 1.8.0_301 on DESKTOP-326BLPA with PID 32084 (C:\Users\user\Desktop\boot-netdisk-master\boot-netdisk-backend\target\classes started by user in C:\Users\user\Desktop\boot-netdisk-master)
2024-06-10 22:44:38.458 [main] INFO  com.ywy.MainApplication -The following profiles are active: dev
2024-06-10 22:44:38.977 [main] INFO  o.s.d.r.c.RepositoryConfigurationDelegate -Multiple Spring Data modules found, entering strict repository configuration mode!
2024-06-10 22:44:38.978 [main] INFO  o.s.d.r.c.RepositoryConfigurationDelegate -Bootstrapping Spring Data Redis repositories in DEFAULT mode.
2024-06-10 22:44:39.008 [main] INFO  o.s.d.r.c.RepositoryConfigurationDelegate -Finished Spring Data repository scanning in 17 ms. Found 0 Redis repository interfaces.
2024-06-10 22:44:39.464 [main] INFO  o.s.b.w.e.tomcat.TomcatWebServer -Tomcat initialized with port(s): 8003 (http)
2024-06-10 22:44:39.470 [main] INFO  o.a.coyote.http11.Http11NioProtocol -Initializing ProtocolHandler ["http-nio-8003"]
2024-06-10 22:44:39.471 [main] INFO  o.a.catalina.core.StandardService -Starting service [Tomcat]
2024-06-10 22:44:39.471 [main] INFO  o.a.catalina.core.StandardEngine -Starting Servlet engine: [Apache Tomcat/9.0.55]
2024-06-10 22:44:39.577 [main] INFO  o.a.c.c.C.[.[localhost].[/api] -Initializing Spring embedded WebApplicationContext
2024-06-10 22:44:39.577 [main] INFO  o.s.b.w.s.c.ServletWebServerApplicationContext -Root WebApplicationContext: initialization completed in 1068 ms
2024-06-10 22:44:40.599 [main] INFO  o.a.coyote.http11.Http11NioProtocol -Starting ProtocolHandler ["http-nio-8003"]
2024-06-10 22:44:40.612 [main] INFO  o.s.b.w.e.tomcat.TomcatWebServer -Tomcat started on port(s): 8003 (http) with context path '/api'
2024-06-10 22:44:40.628 [main] INFO  com.ywy.MainApplication -Started MainApplication in 2.546 seconds (JVM running for 3.204)
2024-06-10 22:44:40.678 [scheduling-1] INFO  com.zaxxer.hikari.HikariDataSource -HikariCPDatasource - Starting...
2024-06-10 22:44:41.121 [scheduling-1] INFO  com.zaxxer.hikari.HikariDataSource -HikariCPDatasource - Start completed.
2024-06-10 22:44:41.188 [scheduling-1] ERROR o.s.s.s.TaskUtils$LoggingErrorHandler -Unexpected error occurred in scheduled task
org.springframework.jdbc.BadSqlGrammarException: 
### Error querying database.  Cause: java.sql.SQLSyntaxErrorException: Table 'brucedrive.sys_file_info' doesn't exist
### The error may exist in com/ywy/mapper/SysFileInfoMapper.xml
### The error may involve com.ywy.mapper.SysFileInfoMapper.selectList-Inline
### The error occurred while setting parameters
### SQL: select                   id         ,user_id,file_md5,file_pid,file_size,file_name,file_cover,file_path,file_class,         file_category,file_type,status,del_flag,recycle_time,create_time,update_time                         from sys_file_info f                     WHERE  del_flag = ?                                                                                    and recycle_time < date_sub(now(), interval 10 day)                                        limit 0, 15
### Cause: java.sql.SQLSyntaxErrorException: Table 'brucedrive.sys_file_info' doesn't exist
; bad SQL grammar []; nested exception is java.sql.SQLSyntaxErrorException: Table 'brucedrive.sys_file_info' doesn't exist
	at org.springframework.jdbc.support.SQLErrorCodeSQLExceptionTranslator.doTranslate(SQLErrorCodeSQLExceptionTranslator.java:239)
	at org.springframework.jdbc.support.AbstractFallbackSQLExceptionTranslator.translate(AbstractFallbackSQLExceptionTranslator.java:70)
	at org.mybatis.spring.MyBatisExceptionTranslator.translateExceptionIfPossible(MyBatisExceptionTranslator.java:73)
	at org.mybatis.spring.SqlSessionTemplate$SqlSessionInterceptor.invoke(SqlSessionTemplate.java:446)
	at com.sun.proxy.$Proxy80.selectList(Unknown Source)
	at org.mybatis.spring.SqlSessionTemplate.selectList(SqlSessionTemplate.java:230)
	at org.apache.ibatis.binding.MapperMethod.executeForMany(MapperMethod.java:139)
	at org.apache.ibatis.binding.MapperMethod.execute(MapperMethod.java:76)
	at org.apache.ibatis.binding.MapperProxy.invoke(MapperProxy.java:59)
	at com.sun.proxy.$Proxy81.selectList(Unknown Source)
	at com.ywy.core.base.BaseServiceImpl.findListByParam(BaseServiceImpl.java:21)
	at com.ywy.core.base.BaseServiceImpl$$FastClassBySpringCGLIB$$85bf79d6.invoke(<generated>)
	at org.springframework.cglib.proxy.MethodProxy.invoke(MethodProxy.java:218)
	at org.springframework.aop.framework.CglibAopProxy$DynamicAdvisedInterceptor.intercept(CglibAopProxy.java:689)
	at com.ywy.service.impl.SysFileInfoServiceImpl$$EnhancerBySpringCGLIB$$c5731e5a.findListByParam(<generated>)
	at com.ywy.task.FileTask.deleteRecycleExpireFile(FileTask.java:29)
	at sun.reflect.NativeMethodAccessorImpl.invoke0(Native Method)
	at sun.reflect.NativeMethodAccessorImpl.invoke(NativeMethodAccessorImpl.java:62)
	at sun.reflect.DelegatingMethodAccessorImpl.invoke(DelegatingMethodAccessorImpl.java:43)
	at java.lang.reflect.Method.invoke(Method.java:498)
	at org.springframework.scheduling.support.ScheduledMethodRunnable.run(ScheduledMethodRunnable.java:84)
	at org.springframework.scheduling.support.DelegatingErrorHandlingRunnable.run(DelegatingErrorHandlingRunnable.java:54)
	at java.util.concurrent.Executors$RunnableAdapter.call(Executors.java:511)
	at java.util.concurrent.FutureTask.runAndReset(FutureTask.java:308)
	at java.util.concurrent.ScheduledThreadPoolExecutor$ScheduledFutureTask.access$301(ScheduledThreadPoolExecutor.java:180)
	at java.util.concurrent.ScheduledThreadPoolExecutor$ScheduledFutureTask.run(ScheduledThreadPoolExecutor.java:294)
	at java.util.concurrent.ThreadPoolExecutor.runWorker(ThreadPoolExecutor.java:1149)
	at java.util.concurrent.ThreadPoolExecutor$Worker.run(ThreadPoolExecutor.java:624)
	at java.lang.Thread.run(Thread.java:748)
Caused by: java.sql.SQLSyntaxErrorException: Table 'brucedrive.sys_file_info' doesn't exist
	at com.mysql.cj.jdbc.exceptions.SQLError.createSQLException(SQLError.java:120)
	at com.mysql.cj.jdbc.exceptions.SQLExceptionsMapping.translateException(SQLExceptionsMapping.java:122)
	at com.mysql.cj.jdbc.ClientPreparedStatement.executeInternal(ClientPreparedStatement.java:953)
	at com.mysql.cj.jdbc.ClientPreparedStatement.execute(ClientPreparedStatement.java:370)
	at com.zaxxer.hikari.pool.ProxyPreparedStatement.execute(ProxyPreparedStatement.java:44)
	at com.zaxxer.hikari.pool.HikariProxyPreparedStatement.execute(HikariProxyPreparedStatement.java)
	at sun.reflect.NativeMethodAccessorImpl.invoke0(Native Method)
	at sun.reflect.NativeMethodAccessorImpl.invoke(NativeMethodAccessorImpl.java:62)
	at sun.reflect.DelegatingMethodAccessorImpl.invoke(DelegatingMethodAccessorImpl.java:43)
	at java.lang.reflect.Method.invoke(Method.java:498)
	at org.apache.ibatis.logging.jdbc.PreparedStatementLogger.invoke(PreparedStatementLogger.java:59)
	at com.sun.proxy.$Proxy110.execute(Unknown Source)
	at org.apache.ibatis.executor.statement.PreparedStatementHandler.query(PreparedStatementHandler.java:63)
	at org.apache.ibatis.executor.statement.RoutingStatementHandler.query(RoutingStatementHandler.java:79)
	at org.apache.ibatis.executor.SimpleExecutor.doQuery(SimpleExecutor.java:63)
	at org.apache.ibatis.executor.BaseExecutor.queryFromDatabase(BaseExecutor.java:326)
	at org.apache.ibatis.executor.BaseExecutor.query(BaseExecutor.java:156)
	at org.apache.ibatis.executor.CachingExecutor.query(CachingExecutor.java:109)
	at org.apache.ibatis.executor.CachingExecutor.query(CachingExecutor.java:83)
	at org.apache.ibatis.session.defaults.DefaultSqlSession.selectList(DefaultSqlSession.java:148)
	at org.apache.ibatis.session.defaults.DefaultSqlSession.selectList(DefaultSqlSession.java:141)
	at sun.reflect.NativeMethodAccessorImpl.invoke0(Native Method)
	at sun.reflect.NativeMethodAccessorImpl.invoke(NativeMethodAccessorImpl.java:62)
	at sun.reflect.DelegatingMethodAccessorImpl.invoke(DelegatingMethodAccessorImpl.java:43)
	at java.lang.reflect.Method.invoke(Method.java:498)
	at org.mybatis.spring.SqlSessionTemplate$SqlSessionInterceptor.invoke(SqlSessionTemplate.java:433)
	... 25 common frames omitted
2024-06-10 22:45:53.137 [SpringApplicationShutdownHook] INFO  com.zaxxer.hikari.HikariDataSource -HikariCPDatasource - Shutdown initiated...
2024-06-10 22:45:53.140 [SpringApplicationShutdownHook] INFO  com.zaxxer.hikari.HikariDataSource -HikariCPDatasource - Shutdown completed.
